<?xml version="1.0" encoding="UTF-8"?>
<testsuite xmlns:xsi="http://www.w3.org/2001/XMLSchema-instance" xsi:noNamespaceSchemaLocation="https://maven.apache.org/surefire/maven-surefire-plugin/xsd/surefire-test-report.xsd" name="keyshare.AppTest" time="0.123" tests="1" errors="0" skipped="0" failures="0">
  <properties>
    <property name="sun.desktop" value="windows"/>
    <property name="awt.toolkit" value="sun.awt.windows.WToolkit"/>
    <property name="java.specification.version" value="11"/>
    <property name="sun.cpu.isalist" value="amd64"/>
    <property name="sun.jnu.encoding" value="Cp1252"/>
    <property name="java.class.path" value="c:\Users\Kenny\Desktop\club\keyboardshare\keyshare\target\test-classes;c:\Users\Kenny\Desktop\club\keyboardshare\keyshare\target\classes;C:\Users\Kenny\.m2\repository\junit\junit\4.11\junit-4.11.jar;C:\Users\Kenny\.m2\repository\org\hamcrest\hamcrest-core\1.3\hamcrest-core-1.3.jar;C:\Users\Kenny\.m2\repository\org\openjfx\javafx-controls\14\javafx-controls-14.jar;C:\Users\Kenny\.m2\repository\org\openjfx\javafx-controls\14\javafx-controls-14-win.jar;C:\Users\Kenny\.m2\repository\org\openjfx\javafx-graphics\14\javafx-graphics-14.jar;C:\Users\Kenny\.m2\repository\org\openjfx\javafx-graphics\14\javafx-graphics-14-win.jar;C:\Users\Kenny\.m2\repository\org\openjfx\javafx-base\14\javafx-base-14.jar;C:\Users\Kenny\.m2\repository\org\openjfx\javafx-base\14\javafx-base-14-win.jar;"/>
    <property name="java.vm.vendor" value="AdoptOpenJDK"/>
    <property name="sun.arch.data.model" value="64"/>
    <property name="user.variant" value=""/>
    <property name="java.vendor.url" value="https://adoptopenjdk.net/"/>
    <property name="user.timezone" value="America/New_York"/>
    <property name="java.vm.specification.version" value="11"/>
    <property name="os.name" value="Windows 10"/>
    <property name="sun.java.launcher" value="SUN_STANDARD"/>
    <property name="user.country" value="US"/>
    <property name="sun.boot.library.path" value="C:\Program Files\AdoptOpenJDK\jdk-11.0.6.10-hotspot\bin"/>
    <property name="sun.java.command" value="C:\Users\Kenny\AppData\Local\Temp\surefire8036412955983494123\surefirebooter8690151331197727541.jar C:\Users\Kenny\AppData\Local\Temp\surefire8036412955983494123 2020-06-06T16-39-59_234-jvmRun1 surefire3673298821308766991tmp surefire_03824607214166743061tmp"/>
    <property name="jdk.debug" value="release"/>
    <property name="surefire.test.class.path" value="c:\Users\Kenny\Desktop\club\keyboardshare\keyshare\target\test-classes;c:\Users\Kenny\Desktop\club\keyboardshare\keyshare\target\classes;C:\Users\Kenny\.m2\repository\junit\junit\4.11\junit-4.11.jar;C:\Users\Kenny\.m2\repository\org\hamcrest\hamcrest-core\1.3\hamcrest-core-1.3.jar;C:\Users\Kenny\.m2\repository\org\openjfx\javafx-controls\14\javafx-controls-14.jar;C:\Users\Kenny\.m2\repository\org\openjfx\javafx-controls\14\javafx-controls-14-win.jar;C:\Users\Kenny\.m2\repository\org\openjfx\javafx-graphics\14\javafx-graphics-14.jar;C:\Users\Kenny\.m2\repository\org\openjfx\javafx-graphics\14\javafx-graphics-14-win.jar;C:\Users\Kenny\.m2\repository\org\openjfx\javafx-base\14\javafx-base-14.jar;C:\Users\Kenny\.m2\repository\org\openjfx\javafx-base\14\javafx-base-14-win.jar;"/>
    <property name="sun.cpu.endian" value="little"/>
    <property name="user.home" value="C:\Users\Kenny"/>
    <property name="user.language" value="en"/>
    <property name="java.specification.vendor" value="Oracle Corporation"/>
    <property name="java.version.date" value="2020-01-14"/>
    <property name="java.home" value="C:\Program Files\AdoptOpenJDK\jdk-11.0.6.10-hotspot"/>
    <property name="file.separator" value="\"/>
    <property name="basedir" value="c:\Users\Kenny\Desktop\club\keyboardshare\keyshare"/>
    <property name="java.vm.compressedOopsMode" value="Zero based"/>
    <property name="line.separator" value="&#10;"/>
    <property name="java.specification.name" value="Java Platform API Specification"/>
    <property name="java.vm.specification.vendor" value="Oracle Corporation"/>
    <property name="java.awt.graphicsenv" value="sun.awt.Win32GraphicsEnvironment"/>
    <property name="surefire.real.class.path" value="C:\Users\Kenny\AppData\Local\Temp\surefire8036412955983494123\surefirebooter8690151331197727541.jar"/>
    <property name="user.script" value=""/>
    <property name="sun.management.compiler" value="HotSpot 64-Bit Tiered Compilers"/>
    <property name="java.runtime.version" value="11.0.6+10"/>
    <property name="user.name" value="Kenny"/>
    <property name="path.separator" value=";"/>
    <property name="os.version" value="10.0"/>
    <property name="java.runtime.name" value="OpenJDK Runtime Environment"/>
    <property name="file.encoding" value="Cp1252"/>
    <property name="java.vm.name" value="OpenJDK 64-Bit Server VM"/>
    <property name="java.vendor.version" value="AdoptOpenJDK"/>
    <property name="localRepository" value="C:\Users\Kenny\.m2\repository"/>
    <property name="java.vendor.url.bug" value="https://github.com/AdoptOpenJDK/openjdk-support/issues"/>
    <property name="java.io.tmpdir" value="C:\Users\Kenny\AppData\Local\Temp\"/>
    <property name="java.version" value="11.0.6"/>
    <property name="user.dir" value="c:\Users\Kenny\Desktop\club\keyboardshare\keyshare"/>
    <property name="os.arch" value="amd64"/>
    <property name="java.vm.specification.name" value="Java Virtual Machine Specification"/>
    <property name="java.awt.printerjob" value="sun.awt.windows.WPrinterJob"/>
    <property name="sun.os.patch.level" value=""/>
    <property name="java.library.path" value="C:\Program Files\AdoptOpenJDK\jdk-11.0.6.10-hotspot\bin;C:\WINDOWS\Sun\Java\bin;C:\WINDOWS\system32;C:\WINDOWS;C:\Program Files\AdoptOpenJDK\jdk-11.0.6.10-hotspot\bin;C:\WINDOWS\system32;C:\WINDOWS;C:\WINDOWS\System32\Wbem;C:\WINDOWS\System32\WindowsPowerShell\v1.0\;C:\WINDOWS\System32\OpenSSH\;C:\MinGW\bin;C:\Program Files\Git\cmd;C:\Program Files\nodejs\;C:\Users\Kenny\AppData\Local\Microsoft\WindowsApps;C:\flutter\bin;C:\graalvm-ce-java11-20.0.0\bin;C:\Users\Kenny\AppData\Local\Programs\Microsoft VS Code\bin;C:\Users\Kenny\AppData\Roaming\npm;C:\Users\Kenny\AppData\Local\atom\bin;."/>
    <property name="java.vendor" value="AdoptOpenJDK"/>
    <property name="java.vm.info" value="mixed mode"/>
    <property name="java.vm.version" value="11.0.6+10"/>
    <property name="sun.io.unicode.encoding" value="UnicodeLittle"/>
    <property name="java.class.version" value="55.0"/>
  </properties>
  <testcase name="shouldAnswerWithTrue" classname="keyshare.AppTest" time="0.001"/>
</testsuite>